<?xml version="1.0" encoding="UTF-8"?>
<!-- Generated by org.testng.reporters.JUnitReportReporter -->
<testsuite hostname="WJLP-1503" failures="0" tests="1" name="tests.DynamicWebTableTest" time="9.515" errors="0" timestamp="2025-08-29T13:55:20 IST" skipped="0">
  <testcase classname="tests.DynamicWebTableTest" name="verifyChromeCpuLoad" time="9.515"/>
</testsuite> <!-- tests.DynamicWebTableTest -->
