<?xml version="1.0" encoding="UTF-8"?>
<!-- Generated by org.testng.reporters.JUnitReportReporter -->
<testsuite hostname="WJLP-1503" failures="0" tests="1" name="tests.InputText" time="35.792" errors="0" timestamp="2025-08-25T17:57:17 IST" skipped="0">
  <testcase classname="tests.InputText" name="EnterTextIn_InputBox" time="35.792"/>
</testsuite> <!-- tests.InputText -->
