<?xml version="1.0" encoding="UTF-8"?>
<!-- Generated by org.testng.reporters.JUnitReportReporter -->
<testsuite hostname="WJLP-1503" failures="0" tests="1" name="tests.FileUploadTest" time="11.422" errors="0" timestamp="2025-09-01T15:51:06 IST" skipped="0">
  <testcase classname="tests.FileUploadTest" name="testFileUpload" time="11.422"/>
</testsuite> <!-- tests.FileUploadTest -->
