<?xml version="1.0" encoding="UTF-8"?>
<!-- Generated by org.testng.reporters.JUnitReportReporter -->
<testsuite hostname="WJLP-1503" failures="0" tests="1" name="tests.LoginTest" time="12.335" errors="0" timestamp="2025-08-25T14:29:26 IST" skipped="0">
  <testcase classname="tests.LoginTest" name="validLogin" time="12.335"/>
</testsuite> <!-- tests.LoginTest -->
