<?xml version="1.0" encoding="UTF-8"?>
<!-- Generated by org.testng.reporters.JUnitReportReporter -->
<testsuite hostname="WJLP-1503" failures="0" tests="1" name="tests.ShadowDomTest" time="2.745" errors="0" timestamp="2025-09-01T14:12:47 IST" skipped="0">
  <testcase classname="tests.ShadowDomTest" name="testShadowDom" time="2.745"/>
</testsuite> <!-- tests.ShadowDomTest -->
