<?xml version="1.0" encoding="UTF-8"?>
<!-- Generated by org.testng.reporters.JUnitReportReporter -->
<testsuite hostname="WJLP-1503" failures="0" tests="1" name="tests.SwitchWindow" time="14.789" errors="0" timestamp="2025-08-28T10:58:39 IST" skipped="0">
  <testcase classname="tests.SwitchWindow" name="Switch_to_window" time="14.789"/>
</testsuite> <!-- tests.SwitchWindow -->
