<?xml version="1.0" encoding="UTF-8"?>
<!-- Generated by org.testng.reporters.JUnitReportReporter -->
<testsuite hostname="WJLP-1503" failures="0" tests="1" name="tests.KeyboardActionsTest" time="32.113" errors="0" timestamp="2025-09-01T11:00:17 IST" skipped="0">
  <testcase classname="tests.KeyboardActionsTest" name="testKeyboardActions" time="32.113"/>
</testsuite> <!-- tests.KeyboardActionsTest -->
