<?xml version="1.0" encoding="UTF-8"?>
<!-- Generated by org.testng.reporters.JUnitReportReporter -->
<testsuite hostname="WJLP-1503" failures="0" tests="1" name="tests.SwitchTab" time="14.437" errors="0" timestamp="2025-08-28T11:17:41 IST" skipped="0">
  <testcase classname="tests.SwitchTab" name="Switch_to_Tab" time="14.437"/>
</testsuite> <!-- tests.SwitchTab -->
