<?xml version="1.0" encoding="UTF-8"?>
<!-- Generated by org.testng.reporters.JUnitReportReporter -->
<testsuite hostname="WJLP-1503" failures="0" tests="1" name="tests.DropdownTest" time="8.114" errors="0" timestamp="2025-08-25T14:51:15 IST" skipped="0">
  <testcase classname="tests.DropdownTest" name="selectDropdownOption" time="8.114"/>
</testsuite> <!-- tests.DropdownTest -->
