<?xml version="1.0" encoding="UTF-8"?>
<!-- Generated by org.testng.reporters.JUnitReportReporter -->
<testsuite hostname="WJLP-1503" failures="0" tests="1" name="tests.Buttons" time="27.139" errors="0" timestamp="2025-08-25T15:53:15 IST" skipped="0">
  <testcase classname="tests.Buttons" name="clickon_Btn" time="27.139"/>
</testsuite> <!-- tests.Buttons -->
