<?xml version="1.0" encoding="UTF-8"?>
<!-- Generated by org.testng.reporters.JUnitReportReporter -->
<testsuite hostname="WJLP-1503" failures="0" tests="1" name="tests.JavaScriptExecutorTest" time="22.986" errors="0" timestamp="2025-09-01T11:38:25 IST" skipped="0">
  <testcase classname="tests.JavaScriptExecutorTest" name="testJavaScriptExecutor" time="22.986"/>
</testsuite> <!-- tests.JavaScriptExecutorTest -->
