<?xml version="1.0" encoding="UTF-8"?>
<!-- Generated by org.testng.reporters.JUnitReportReporter -->
<testsuite hostname="WJLP-1503" failures="0" tests="1" name="tests.Radiobuttom" time="29.860" errors="0" timestamp="2025-08-25T15:08:57 IST" skipped="0">
  <testcase classname="tests.Radiobuttom" name="SelectRadioButton" time="29.860"/>
</testsuite> <!-- tests.Radiobuttom -->
