<?xml version="1.0" encoding="UTF-8"?>
<!-- Generated by org.testng.reporters.JUnitReportReporter -->
<testsuite hostname="WJLP-1503" failures="0" tests="1" name="tests.StaticWebTableTest" time="14.199" errors="0" timestamp="2025-08-29T12:36:16 IST" skipped="0">
  <testcase classname="tests.StaticWebTableTest" name="handleStaticWebTable" time="14.199"/>
</testsuite> <!-- tests.StaticWebTableTest -->
