<?xml version="1.0" encoding="UTF-8"?>
<!-- Generated by org.testng.reporters.JUnitReportReporter -->
<testsuite hostname="WJLP-1503" failures="0" tests="1" name="tests.MouseHoverTest" time="23.189" errors="0" timestamp="2025-09-01T10:12:44 IST" skipped="0">
  <testcase classname="tests.MouseHoverTest" name="testMouseHoverMenu" time="23.189"/>
</testsuite> <!-- tests.MouseHoverTest -->
