<?xml version="1.0" encoding="UTF-8"?>
<!-- Generated by org.testng.reporters.JUnitReportReporter -->
<testsuite hostname="WJLP-1503" failures="0" tests="1" name="tests.Buttons" time="27.019" errors="0" timestamp="2025-08-28T15:24:32 IST" skipped="0">
  <testcase classname="tests.Buttons" name="clickon_Btn" time="27.019"/>
</testsuite> <!-- tests.Buttons -->
